#-----------------------------------------------------------
# Vivado v2019.2 (64-bit)
# SW Build 2708876 on Wed Nov  6 21:40:23 MST 2019
# IP Build 2700528 on Thu Nov  7 00:09:20 MST 2019
# Start of session at: Sun Jul 10 20:25:54 2022
# Process ID: 4024
# Current directory: E:/嵌入式/FPGA/FPGA/1_flow_led
# Command line: vivado.exe -gui_launcher_event rodinguilauncherevent10440 E:\嵌入式\FPGA\FPGA\1_flow_led\1_flow_led.xpr
# Log file: E:/嵌入式/FPGA/FPGA/1_flow_led/vivado.log
# Journal file: E:/嵌入式/FPGA/FPGA/1_flow_led\vivado.jou
#-----------------------------------------------------------
start_gui
open_project E:/嵌入式/FPGA/FPGA/1_flow_led/1_flow_led.xpr
INFO: [Project 1-313] Project file moved from 'C:/Users/Kin/Desktop/FPGA/1_flow_led' since last save.
Scanning sources...
Finished scanning sources
INFO: [IP_Flow 19-234] Refreshing IP repositories
INFO: [IP_Flow 19-1704] No user IP repositories specified
INFO: [IP_Flow 19-2313] Loaded Vivado IP repository 'D:/Xilinx/Vivado/2019.2/data/ip'.
open_project: Time (s): cpu = 00:00:28 ; elapsed = 00:00:12 . Memory (MB): peak = 1049.441 ; gain = 134.082
update_compile_order -fileset sources_1
exit
INFO: [Common 17-206] Exiting Vivado at Sun Jul 10 20:27:09 2022...
